## Footprint report - date 06/11/17 17:37:29
## Created by Pcbnew version kicad 4.0.6
## Unit = mm, Angle = deg.

$BeginDESCRIPTION

$BOARD
upper_left_corner 50.724999 38.024999
lower_right_corner 127.112579 76.275001
$EndBOARD

$MODULE "J1"
reference "J1"
value "Power_Con"
footprint "Connectors_Phoenix:PhoenixContact_GMSTBA-G_02x7.62mm_Angled"
attribut none
position 83.820000 63.500000  orientation 0.00
layer front
$PAD "1"
Shape Rect Layer both
position  0.000000  0.000000  size  2.100000  3.600000  orientation 0.00
drill  1.400000
shape_offset  0.000000  0.000000
$EndPAD
$PAD "2"
Shape Oval Layer both
position  7.620000  0.000000  size  2.100000  3.600000  orientation 0.00
drill  1.400000
shape_offset  0.000000  0.000000
$EndPAD
$EndMODULE  J1

$MODULE "P2"
reference "P2"
value "Signal_Out"
footprint "Connectors:AK300-2"
attribut none
position 116.840000 53.340000  orientation 270.00
layer front
$PAD "1"
Shape Rect Layer both
position  0.000000  0.000000  size  1.980000  3.960000  orientation 0.00
drill  1.320000
shape_offset  0.000000  0.000000
$EndPAD
$PAD "2"
Shape Oval Layer both
position  5.000000  0.000000  size  1.980000  3.960000  orientation 0.00
drill  1.320000
shape_offset  0.000000  0.000000
$EndPAD
$EndMODULE  P2

$MODULE "C1"
reference "C1"
value "20uF"
footprint "Capacitors_THT:C_Disc_D5.0mm_W2.5mm_P5.00mm"
attribut none
position 60.960000 44.450000  orientation 0.00
layer front
$PAD "1"
Shape Circle Layer both
position  0.000000  0.000000  size  1.600000  1.600000  orientation 0.00
drill  0.800000
shape_offset  0.000000  0.000000
$EndPAD
$PAD "2"
Shape Circle Layer both
position  5.000000  0.000000  size  1.600000  1.600000  orientation 0.00
drill  0.800000
shape_offset  0.000000  0.000000
$EndPAD
$EndMODULE  C1

$MODULE "C2"
reference "C2"
value "50uF"
footprint "Capacitors_THT:C_Disc_D5.0mm_W2.5mm_P5.00mm"
attribut none
position 71.120000 53.340000  orientation 270.00
layer front
$PAD "1"
Shape Circle Layer both
position  0.000000  0.000000  size  1.600000  1.600000  orientation 0.00
drill  0.800000
shape_offset  0.000000  0.000000
$EndPAD
$PAD "2"
Shape Circle Layer both
position  5.000000  0.000000  size  1.600000  1.600000  orientation 0.00
drill  0.800000
shape_offset  0.000000  0.000000
$EndPAD
$EndMODULE  C2

$MODULE "C3"
reference "C3"
value "20uF"
footprint "Capacitors_THT:C_Disc_D5.0mm_W2.5mm_P5.00mm"
attribut none
position 105.410000 53.420000  orientation 270.00
layer front
$PAD "1"
Shape Circle Layer both
position  0.000000  0.000000  size  1.600000  1.600000  orientation 0.00
drill  0.800000
shape_offset  0.000000  0.000000
$EndPAD
$PAD "2"
Shape Circle Layer both
position  5.000000  0.000000  size  1.600000  1.600000  orientation 0.00
drill  0.800000
shape_offset  0.000000  0.000000
$EndPAD
$EndMODULE  C3

$MODULE "P1"
reference "P1"
value "Signal_In"
footprint "Connectors:AK300-2"
attribut none
position 60.960000 53.340000  orientation 270.00
layer front
$PAD "1"
Shape Rect Layer both
position  0.000000  0.000000  size  1.980000  3.960000  orientation 0.00
drill  1.320000
shape_offset  0.000000  0.000000
$EndPAD
$PAD "2"
Shape Oval Layer both
position  5.000000  0.000000  size  1.980000  3.960000  orientation 0.00
drill  1.320000
shape_offset  0.000000  0.000000
$EndPAD
$EndMODULE  P1

$MODULE "Q1"
reference "Q1"
value "BC548"
footprint "TO_SOT_Packages_THT:TO-92_Inline_Narrow_Oval"
attribut none
position 73.660000 43.180000  orientation 270.00
layer front
$PAD "2"
Shape Oval Layer both
position  1.270000  0.000000  size  0.900000  1.500000  orientation -180.00
drill  0.600000
shape_offset  0.000000  0.000000
$EndPAD
$PAD "3"
Shape Oval Layer both
position  2.540000  0.000000  size  0.900000  1.500000  orientation -180.00
drill  0.600000
shape_offset  0.000000  0.000000
$EndPAD
$PAD "1"
Shape Rect Layer both
position  0.000000  0.000000  size  0.900000  1.500000  orientation -180.00
drill  0.600000
shape_offset  0.000000  0.000000
$EndPAD
$EndMODULE  Q1

$MODULE "R1"
reference "R1"
value "22k"
footprint "Resistors_THT:R_Axial_DIN0204_L3.6mm_D1.6mm_P5.08mm_Horizontal"
attribut none
position 83.820000 58.420000  orientation 90.00
layer front
$PAD "1"
Shape Circle Layer both
position  0.000000  0.000000  size  1.400000  1.400000  orientation 0.00
drill  0.700000
shape_offset  0.000000  0.000000
$EndPAD
$PAD "2"
Shape Oval Layer both
position  5.080000  0.000000  size  1.400000  1.400000  orientation 0.00
drill  0.700000
shape_offset  0.000000  0.000000
$EndPAD
$EndMODULE  R1

$MODULE "R2"
reference "R2"
value "6.8k"
footprint "Resistors_THT:R_Axial_DIN0204_L3.6mm_D1.6mm_P5.08mm_Horizontal"
attribut none
position 91.440000 53.340000  orientation 270.00
layer front
$PAD "1"
Shape Circle Layer both
position  0.000000  0.000000  size  1.400000  1.400000  orientation 0.00
drill  0.700000
shape_offset  0.000000  0.000000
$EndPAD
$PAD "2"
Shape Oval Layer both
position  5.080000  0.000000  size  1.400000  1.400000  orientation 0.00
drill  0.700000
shape_offset  0.000000  0.000000
$EndPAD
$EndMODULE  R2

$MODULE "R3"
reference "R3"
value "4.7k"
footprint "Resistors_THT:R_Axial_DIN0204_L3.6mm_D1.6mm_P5.08mm_Horizontal"
attribut none
position 96.520000 58.420000  orientation 90.00
layer front
$PAD "1"
Shape Circle Layer both
position  0.000000  0.000000  size  1.400000  1.400000  orientation 0.00
drill  0.700000
shape_offset  0.000000  0.000000
$EndPAD
$PAD "2"
Shape Oval Layer both
position  5.080000  0.000000  size  1.400000  1.400000  orientation 0.00
drill  0.700000
shape_offset  0.000000  0.000000
$EndPAD
$EndMODULE  R3

$MODULE "R4"
reference "R4"
value "1.8k"
footprint "Resistors_THT:R_Axial_DIN0204_L3.6mm_D1.6mm_P5.08mm_Horizontal"
attribut none
position 78.740000 53.340000  orientation 270.00
layer front
$PAD "1"
Shape Circle Layer both
position  0.000000  0.000000  size  1.400000  1.400000  orientation 0.00
drill  0.700000
shape_offset  0.000000  0.000000
$EndPAD
$PAD "2"
Shape Oval Layer both
position  5.080000  0.000000  size  1.400000  1.400000  orientation 0.00
drill  0.700000
shape_offset  0.000000  0.000000
$EndPAD
$EndMODULE  R4

$EndDESCRIPTION
