## Footprint report - date 06/17/17 08:29:00
## Created by Pcbnew version kicad 4.0.6
## Unit = mm, Angle = deg.

$BeginDESCRIPTION

$BOARD
upper_left_corner 50.851999 100.265400
lower_right_corner 162.152401 128.624401
$EndBOARD

$MODULE "C1"
reference "C1"
value "100n"
footprint "Capacitors_THT:C_Disc_D5.0mm_W2.5mm_P5.00mm"
attribut none
position 69.316600 114.147600  orientation 0.00
layer front
$PAD "1"
Shape Circle Layer both
position  0.000000  0.000000  size  1.600000  1.600000  orientation 0.00
drill  0.800000
shape_offset  0.000000  0.000000
$EndPAD
$PAD "2"
Shape Circle Layer both
position  5.000000  0.000000  size  1.600000  1.600000  orientation 0.00
drill  0.800000
shape_offset  0.000000  0.000000
$EndPAD
$EndMODULE  C1

$MODULE "C2"
reference "C2"
value "68p"
footprint "Capacitors_THT:C_Disc_D5.0mm_W2.5mm_P5.00mm"
attribut none
position 98.196400 113.614200  orientation 270.00
layer front
$PAD "1"
Shape Circle Layer both
position  0.000000  0.000000  size  1.600000  1.600000  orientation 0.00
drill  0.800000
shape_offset  0.000000  0.000000
$EndPAD
$PAD "2"
Shape Circle Layer both
position  5.000000  0.000000  size  1.600000  1.600000  orientation 0.00
drill  0.800000
shape_offset  0.000000  0.000000
$EndPAD
$EndMODULE  C2

$MODULE "C3"
reference "C3"
value "1n"
footprint "Capacitors_THT:C_Disc_D5.0mm_W2.5mm_P5.00mm"
attribut none
position 104.495600 103.581200  orientation 180.00
layer front
$PAD "1"
Shape Circle Layer both
position  0.000000  0.000000  size  1.600000  1.600000  orientation 0.00
drill  0.800000
shape_offset  0.000000  0.000000
$EndPAD
$PAD "2"
Shape Circle Layer both
position  5.000000  0.000000  size  1.600000  1.600000  orientation 0.00
drill  0.800000
shape_offset  0.000000  0.000000
$EndPAD
$EndMODULE  C3

$MODULE "C4"
reference "C4"
value "330p"
footprint "Capacitors_THT:C_Disc_D5.0mm_W2.5mm_P5.00mm"
attribut none
position 89.179400 125.446800  orientation 90.00
layer front
$PAD "1"
Shape Circle Layer both
position  0.000000  0.000000  size  1.600000  1.600000  orientation 0.00
drill  0.800000
shape_offset  0.000000  0.000000
$EndPAD
$PAD "2"
Shape Circle Layer both
position  5.000000  0.000000  size  1.600000  1.600000  orientation 0.00
drill  0.800000
shape_offset  0.000000  0.000000
$EndPAD
$EndMODULE  C4

$MODULE "C5"
reference "C5"
value "330p"
footprint "Capacitors_THT:C_Disc_D5.0mm_W2.5mm_P5.00mm"
attribut none
position 126.949200 115.544600  orientation 0.00
layer front
$PAD "1"
Shape Circle Layer both
position  0.000000  0.000000  size  1.600000  1.600000  orientation 0.00
drill  0.800000
shape_offset  0.000000  0.000000
$EndPAD
$PAD "2"
Shape Circle Layer both
position  5.000000  0.000000  size  1.600000  1.600000  orientation 0.00
drill  0.800000
shape_offset  0.000000  0.000000
$EndPAD
$EndMODULE  C5

$MODULE "C6"
reference "C6"
value "100n"
footprint "Capacitors_THT:C_Disc_D5.0mm_W2.5mm_P5.00mm"
attribut none
position 118.491000 108.305600  orientation 270.00
layer front
$PAD "1"
Shape Circle Layer both
position  0.000000  0.000000  size  1.600000  1.600000  orientation 0.00
drill  0.800000
shape_offset  0.000000  0.000000
$EndPAD
$PAD "2"
Shape Circle Layer both
position  5.000000  0.000000  size  1.600000  1.600000  orientation 0.00
drill  0.800000
shape_offset  0.000000  0.000000
$EndPAD
$EndMODULE  C6

$MODULE "C7"
reference "C7"
value "100n"
footprint "Capacitors_THT:C_Disc_D5.0mm_W2.5mm_P5.00mm"
attribut none
position 131.927600 121.716800  orientation 180.00
layer front
$PAD "1"
Shape Circle Layer both
position  0.000000  0.000000  size  1.600000  1.600000  orientation 0.00
drill  0.800000
shape_offset  0.000000  0.000000
$EndPAD
$PAD "2"
Shape Circle Layer both
position  5.000000  0.000000  size  1.600000  1.600000  orientation 0.00
drill  0.800000
shape_offset  0.000000  0.000000
$EndPAD
$EndMODULE  C7

$MODULE "J1"
reference "J1"
value "Screw_Terminal_1x03"
footprint "Connectors:bornier3"
attribut none
position 60.172600 109.143800  orientation 270.00
layer front
$PAD "1"
Shape Rect Layer both
position  0.000000  0.000000  size  3.000000  3.000000  orientation 0.00
drill  1.520000
shape_offset  0.000000  0.000000
$EndPAD
$PAD "2"
Shape Circle Layer both
position  5.080000  0.000000  size  3.000000  3.000000  orientation 0.00
drill  1.520000
shape_offset  0.000000  0.000000
$EndPAD
$PAD "3"
Shape Circle Layer both
position 10.160000  0.000000  size  3.000000  3.000000  orientation 0.00
drill  1.520000
shape_offset  0.000000  0.000000
$EndPAD
$EndMODULE  J1

$MODULE "J2"
reference "J2"
value "CONN_01X02"
footprint "Pin_Headers:Pin_Header_Straight_1x02_Pitch1.27mm"
attribut none
position 108.915200 108.966000  orientation 90.00
layer front
$PAD "1"
Shape Rect Layer both
position  0.000000  0.000000  size  1.000000  1.000000  orientation 0.00
drill  0.650000
shape_offset  0.000000  0.000000
$EndPAD
$PAD "2"
Shape Oval Layer both
position  0.000000  1.270000  size  1.000000  1.000000  orientation 0.00
drill  0.650000
shape_offset  0.000000  0.000000
$EndPAD
$EndMODULE  J2

$MODULE "J3"
reference "J3"
value "Screw_Terminal_1x03"
footprint "Connectors:bornier3"
attribut none
position 153.543000 118.262400  orientation 90.00
layer front
$PAD "1"
Shape Rect Layer both
position  0.000000  0.000000  size  3.000000  3.000000  orientation 0.00
drill  1.520000
shape_offset  0.000000  0.000000
$EndPAD
$PAD "2"
Shape Circle Layer both
position  5.080000  0.000000  size  3.000000  3.000000  orientation 0.00
drill  1.520000
shape_offset  0.000000  0.000000
$EndPAD
$PAD "3"
Shape Circle Layer both
position 10.160000  0.000000  size  3.000000  3.000000  orientation 0.00
drill  1.520000
shape_offset  0.000000  0.000000
$EndPAD
$EndMODULE  J3

$MODULE "Q1"
reference "Q1"
value "2SC1815"
footprint "TO_SOT_Packages_THT:TO-92_Molded_Narrow"
attribut none
position 84.709000 104.800400  orientation 0.00
layer front
$PAD "2"
Shape Circle Layer both
position  1.270000 -1.270000  size  1.000000  1.000000  orientation 90.00
drill  0.600000
shape_offset  0.000000  0.000000
$EndPAD
$PAD "3"
Shape Circle Layer both
position  2.540000  0.000000  size  1.000000  1.000000  orientation 90.00
drill  0.600000
shape_offset  0.000000  0.000000
$EndPAD
$PAD "1"
Shape Rect Layer both
position  0.000000  0.000000  size  1.000000  1.000000  orientation 90.00
drill  0.600000
shape_offset  0.000000  0.000000
$EndPAD
$EndMODULE  Q1

$MODULE "Q2"
reference "Q2"
value "2SC1815"
footprint "TO_SOT_Packages_THT:TO-92_Molded_Narrow"
attribut none
position 82.600800 117.221000  orientation 90.00
layer front
$PAD "2"
Shape Circle Layer both
position  1.270000 -1.270000  size  1.000000  1.000000  orientation 90.00
drill  0.600000
shape_offset  0.000000  0.000000
$EndPAD
$PAD "3"
Shape Circle Layer both
position  2.540000  0.000000  size  1.000000  1.000000  orientation 90.00
drill  0.600000
shape_offset  0.000000  0.000000
$EndPAD
$PAD "1"
Shape Rect Layer both
position  0.000000  0.000000  size  1.000000  1.000000  orientation 90.00
drill  0.600000
shape_offset  0.000000  0.000000
$EndPAD
$EndMODULE  Q2

$MODULE "Q3"
reference "Q3"
value "2SC1815"
footprint "TO_SOT_Packages_THT:TO-92_Molded_Narrow"
attribut none
position 124.968000 109.474000  orientation 90.00
layer front
$PAD "2"
Shape Circle Layer both
position  1.270000 -1.270000  size  1.000000  1.000000  orientation 90.00
drill  0.600000
shape_offset  0.000000  0.000000
$EndPAD
$PAD "3"
Shape Circle Layer both
position  2.540000  0.000000  size  1.000000  1.000000  orientation 90.00
drill  0.600000
shape_offset  0.000000  0.000000
$EndPAD
$PAD "1"
Shape Rect Layer both
position  0.000000  0.000000  size  1.000000  1.000000  orientation 90.00
drill  0.600000
shape_offset  0.000000  0.000000
$EndPAD
$EndMODULE  Q3

$MODULE "R1"
reference "R1"
value "100k"
footprint "Resistors_THT:R_Axial_DIN0204_L3.6mm_D1.6mm_P5.08mm_Horizontal"
attribut none
position 108.915200 113.588800  orientation 180.00
layer front
$PAD "1"
Shape Circle Layer both
position  0.000000  0.000000  size  1.400000  1.400000  orientation 0.00
drill  0.700000
shape_offset  0.000000  0.000000
$EndPAD
$PAD "2"
Shape Oval Layer both
position  5.080000  0.000000  size  1.400000  1.400000  orientation 0.00
drill  0.700000
shape_offset  0.000000  0.000000
$EndPAD
$EndMODULE  R1

$MODULE "R2"
reference "R2"
value "10k"
footprint "Resistors_THT:R_Axial_DIN0204_L3.6mm_D1.6mm_P5.08mm_Horizontal"
attribut none
position 87.731600 111.023400  orientation 180.00
layer front
$PAD "1"
Shape Circle Layer both
position  0.000000  0.000000  size  1.400000  1.400000  orientation 0.00
drill  0.700000
shape_offset  0.000000  0.000000
$EndPAD
$PAD "2"
Shape Oval Layer both
position  5.080000  0.000000  size  1.400000  1.400000  orientation 0.00
drill  0.700000
shape_offset  0.000000  0.000000
$EndPAD
$EndMODULE  R2

$MODULE "R3"
reference "R3"
value "12k"
footprint "Resistors_THT:R_Axial_DIN0204_L3.6mm_D1.6mm_P5.08mm_Horizontal"
attribut none
position 74.320400 120.421400  orientation 180.00
layer front
$PAD "1"
Shape Circle Layer both
position  0.000000  0.000000  size  1.400000  1.400000  orientation 0.00
drill  0.700000
shape_offset  0.000000  0.000000
$EndPAD
$PAD "2"
Shape Oval Layer both
position  5.080000  0.000000  size  1.400000  1.400000  orientation 0.00
drill  0.700000
shape_offset  0.000000  0.000000
$EndPAD
$EndMODULE  R3

$MODULE "R4"
reference "R4"
value "6k8"
footprint "Resistors_THT:R_Axial_DIN0204_L3.6mm_D1.6mm_P5.08mm_Horizontal"
attribut none
position 92.760800 108.077000  orientation 90.00
layer front
$PAD "1"
Shape Circle Layer both
position  0.000000  0.000000  size  1.400000  1.400000  orientation 0.00
drill  0.700000
shape_offset  0.000000  0.000000
$EndPAD
$PAD "2"
Shape Oval Layer both
position  5.080000  0.000000  size  1.400000  1.400000  orientation 0.00
drill  0.700000
shape_offset  0.000000  0.000000
$EndPAD
$EndMODULE  R4

$MODULE "R5"
reference "R5"
value "560"
footprint "Resistors_THT:R_Axial_DIN0204_L3.6mm_D1.6mm_P5.08mm_Horizontal"
attribut none
position 83.464400 125.425200  orientation 90.00
layer front
$PAD "1"
Shape Circle Layer both
position  0.000000  0.000000  size  1.400000  1.400000  orientation 0.00
drill  0.700000
shape_offset  0.000000  0.000000
$EndPAD
$PAD "2"
Shape Oval Layer both
position  5.080000  0.000000  size  1.400000  1.400000  orientation 0.00
drill  0.700000
shape_offset  0.000000  0.000000
$EndPAD
$EndMODULE  R5

$MODULE "R6"
reference "R6"
value "4k7"
footprint "Resistors_THT:R_Axial_DIN0204_L3.6mm_D1.6mm_P5.08mm_Horizontal"
attribut none
position 128.955800 108.305600  orientation 0.00
layer front
$PAD "1"
Shape Circle Layer both
position  0.000000  0.000000  size  1.400000  1.400000  orientation 0.00
drill  0.700000
shape_offset  0.000000  0.000000
$EndPAD
$PAD "2"
Shape Oval Layer both
position  5.080000  0.000000  size  1.400000  1.400000  orientation 0.00
drill  0.700000
shape_offset  0.000000  0.000000
$EndPAD
$EndMODULE  R6

$MODULE "R7"
reference "R7"
value "2k2"
footprint "Resistors_THT:R_Axial_DIN0204_L3.6mm_D1.6mm_P5.08mm_Horizontal"
attribut none
position 137.515600 108.331000  orientation 0.00
layer front
$PAD "1"
Shape Circle Layer both
position  0.000000  0.000000  size  1.400000  1.400000  orientation 0.00
drill  0.700000
shape_offset  0.000000  0.000000
$EndPAD
$PAD "2"
Shape Oval Layer both
position  5.080000  0.000000  size  1.400000  1.400000  orientation 0.00
drill  0.700000
shape_offset  0.000000  0.000000
$EndPAD
$EndMODULE  R7

$MODULE "R8"
reference "R8"
value "68"
footprint "Resistors_THT:R_Axial_DIN0204_L3.6mm_D1.6mm_P5.08mm_Horizontal"
attribut none
position 93.141800 125.552200  orientation 0.00
layer front
$PAD "1"
Shape Circle Layer both
position  0.000000  0.000000  size  1.400000  1.400000  orientation 0.00
drill  0.700000
shape_offset  0.000000  0.000000
$EndPAD
$PAD "2"
Shape Oval Layer both
position  5.080000  0.000000  size  1.400000  1.400000  orientation 0.00
drill  0.700000
shape_offset  0.000000  0.000000
$EndPAD
$EndMODULE  R8

$MODULE "R9"
reference "R9"
value "1k"
footprint "Resistors_THT:R_Axial_DIN0204_L3.6mm_D1.6mm_P5.08mm_Horizontal"
attribut none
position 111.633000 103.124000  orientation 0.00
layer front
$PAD "1"
Shape Circle Layer both
position  0.000000  0.000000  size  1.400000  1.400000  orientation 0.00
drill  0.700000
shape_offset  0.000000  0.000000
$EndPAD
$PAD "2"
Shape Oval Layer both
position  5.080000  0.000000  size  1.400000  1.400000  orientation 0.00
drill  0.700000
shape_offset  0.000000  0.000000
$EndPAD
$EndMODULE  R9

$MODULE "R10"
reference "R10"
value "270"
footprint "Resistors_THT:R_Axial_DIN0204_L3.6mm_D1.6mm_P5.08mm_Horizontal"
attribut none
position 137.515600 113.538000  orientation 0.00
layer front
$PAD "1"
Shape Circle Layer both
position  0.000000  0.000000  size  1.400000  1.400000  orientation 0.00
drill  0.700000
shape_offset  0.000000  0.000000
$EndPAD
$PAD "2"
Shape Oval Layer both
position  5.080000  0.000000  size  1.400000  1.400000  orientation 0.00
drill  0.700000
shape_offset  0.000000  0.000000
$EndPAD
$EndMODULE  R10

$EndDESCRIPTION
